<?xml version="1.0" encoding="UTF-8"?>
<!-- Generated by org.testng.reporters.JUnitReportReporter -->
<testsuite hostname="8867005c072f" name="cz.koncentrator_v2.api.cert.CreateCa.test.CreateCaCERT_TUN_basicImplTest" tests="1" failures="0" timestamp="9 Oct 2016 23:59:02 GMT" time="1.417" errors="0">
  <testcase name="testName" time="1.417" classname="cz.koncentrator_v2.api.cert.CreateCa.test.CreateCaCERT_TUN_basicImplTest"/>
</testsuite> <!-- cz.koncentrator_v2.api.cert.CreateCa.test.CreateCaCERT_TUN_basicImplTest -->
