<?xml version="1.0" encoding="UTF-8"?>
<!-- Generated by org.testng.reporters.JUnitReportReporter -->
<testsuite hostname="8867005c072f" name="cz.koncentrator_v2.api.cert.common.test.CERTFactoryTest" tests="3" failures="0" timestamp="11 Oct 2016 15:18:08 GMT" time="0.733" errors="0">
  <testcase name="test" time="0.168" classname="cz.koncentrator_v2.api.cert.common.test.CERTFactoryTest"/>
  <testcase name="test3" time="0.286" classname="cz.koncentrator_v2.api.cert.common.test.CERTFactoryTest"/>
  <testcase name="test2" time="0.279" classname="cz.koncentrator_v2.api.cert.common.test.CERTFactoryTest"/>
</testsuite> <!-- cz.koncentrator_v2.api.cert.common.test.CERTFactoryTest -->
