<?xml version="1.0" encoding="UTF-8"?>
<!-- Generated by org.testng.reporters.JUnitReportReporter -->
<testsuite hostname="96f96851bcaf" name="cz.ivantichy.httpapi.handlers.certapi.tun_basic.CreateServerTUNBasicImplTest" tests="3" failures="0" timestamp="24 Sep 2016 04:32:51 GMT" time="1.355" errors="0">
  <testcase name="test2" time="0.275" classname="cz.ivantichy.httpapi.handlers.certapi.tun_basic.CreateServerTUNBasicImplTest"/>
  <testcase name="test3" time="0.015" classname="cz.ivantichy.httpapi.handlers.certapi.tun_basic.CreateServerTUNBasicImplTest"/>
  <testcase name="test" time="1.065" classname="cz.ivantichy.httpapi.handlers.certapi.tun_basic.CreateServerTUNBasicImplTest"/>
</testsuite> <!-- cz.ivantichy.httpapi.handlers.certapi.tun_basic.CreateServerTUNBasicImplTest -->
