<?xml version="1.0" encoding="UTF-8"?>
<!-- Generated by org.testng.reporters.JUnitReportReporter -->
<testsuite hostname="d8bf41c47943" name="cz.koncentrator_v2.api.cert.GenerateServer.test.GenerateServerCERT_TUN_basicImplTest" tests="1" failures="0" timestamp="22 Oct 2016 23:07:02 GMT" time="0.291" errors="0">
  <testcase name="test" time="0.291" classname="cz.koncentrator_v2.api.cert.GenerateServer.test.GenerateServerCERT_TUN_basicImplTest"/>
</testsuite> <!-- cz.koncentrator_v2.api.cert.GenerateServer.test.GenerateServerCERT_TUN_basicImplTest -->
