<?xml version="1.0" encoding="UTF-8"?>
<!-- Generated by org.testng.reporters.JUnitReportReporter -->
<testsuite hostname="c2d864d3292b" name="cz.koncentrator_v2.api.cert.common.test.CERTFactoryTest" tests="3" failures="0" timestamp="25 Oct 2016 20:26:40 GMT" time="0.273" errors="0">
  <testcase name="test3" time="0.135" classname="cz.koncentrator_v2.api.cert.common.test.CERTFactoryTest"/>
  <testcase name="test2" time="0.008" classname="cz.koncentrator_v2.api.cert.common.test.CERTFactoryTest"/>
  <testcase name="test" time="0.130" classname="cz.koncentrator_v2.api.cert.common.test.CERTFactoryTest"/>
</testsuite> <!-- cz.koncentrator_v2.api.cert.common.test.CERTFactoryTest -->
