<?xml version="1.0" encoding="UTF-8"?>
<!-- Generated by org.testng.reporters.JUnitReportReporter -->
<testsuite hostname="c2d864d3292b" name="cz.koncentrator_v2.api.cert.GenerateProfile.test.GenerateProfileCERT_TUN_basicImplTest" tests="1" failures="0" timestamp="25 Oct 2016 20:26:41 GMT" time="0.480" errors="0">
  <testcase name="test" time="0.480" classname="cz.koncentrator_v2.api.cert.GenerateProfile.test.GenerateProfileCERT_TUN_basicImplTest"/>
</testsuite> <!-- cz.koncentrator_v2.api.cert.GenerateProfile.test.GenerateProfileCERT_TUN_basicImplTest -->
