<?xml version="1.0" encoding="UTF-8"?>
<!-- Generated by org.testng.reporters.JUnitReportReporter -->
<testsuite hostname="8867005c072f" name="cz.koncentrator_v2.api.cert.GenerateServer.test.GenerateServerCERT_TUN_basicImplTest" tests="1" failures="0" timestamp="10 Oct 2016 19:25:18 GMT" time="0.360" errors="0">
  <testcase name="test" time="0.360" classname="cz.koncentrator_v2.api.cert.GenerateServer.test.GenerateServerCERT_TUN_basicImplTest"/>
</testsuite> <!-- cz.koncentrator_v2.api.cert.GenerateServer.test.GenerateServerCERT_TUN_basicImplTest -->
