<?xml version="1.0" encoding="UTF-8"?>
<!-- Generated by org.testng.reporters.JUnitReportReporter -->
<testsuite hostname="96f96851bcaf" name="cz.ivantichy.httpapi.handlers.certapi.tun_basic.CreateServerTUNBasicImplTest" tests="2" failures="0" timestamp="22 Sep 2016 16:02:14 GMT" time="1.318" errors="0">
  <testcase name="test" time="1.036" classname="cz.ivantichy.httpapi.handlers.certapi.tun_basic.CreateServerTUNBasicImplTest"/>
  <testcase name="test2" time="0.282" classname="cz.ivantichy.httpapi.handlers.certapi.tun_basic.CreateServerTUNBasicImplTest"/>
</testsuite> <!-- cz.ivantichy.httpapi.handlers.certapi.tun_basic.CreateServerTUNBasicImplTest -->
