<?xml version="1.0" encoding="UTF-8"?>
<!-- Generated by org.testng.reporters.JUnitReportReporter -->
<testsuite hostname="96f96851bcaf" name="cz.ivantichy.httpapi.handlers.certapi.tun_basic.CreateServerTUNBasicImplTest" tests="3" failures="0" timestamp="23 Sep 2016 08:36:15 GMT" time="1.245" errors="0">
  <testcase name="test3" time="0.011" classname="cz.ivantichy.httpapi.handlers.certapi.tun_basic.CreateServerTUNBasicImplTest"/>
  <testcase name="test2" time="0.278" classname="cz.ivantichy.httpapi.handlers.certapi.tun_basic.CreateServerTUNBasicImplTest"/>
  <testcase name="test" time="0.956" classname="cz.ivantichy.httpapi.handlers.certapi.tun_basic.CreateServerTUNBasicImplTest"/>
</testsuite> <!-- cz.ivantichy.httpapi.handlers.certapi.tun_basic.CreateServerTUNBasicImplTest -->
