<?xml version="1.0" encoding="UTF-8"?>
<!-- Generated by org.testng.reporters.JUnitReportReporter -->
<testsuite hostname="pc" name="cz.koncentrator_v2.api.cert.CreateCa.CERTCreateFactory" tests="1" failures="0" timestamp="4 Oct 2016 16:08:01 GMT" time="0.298" errors="0">
  <testcase name="test" time="0.298" classname="cz.koncentrator_v2.api.cert.CreateCa.CERTCreateFactory"/>
</testsuite> <!-- cz.koncentrator_v2.api.cert.CreateCa.CERTCreateFactory -->
