<?xml version="1.0" encoding="UTF-8"?>
<!-- Generated by org.testng.reporters.JUnitReportReporter -->
<testsuite hostname="c2d864d3292b" name="cz.koncentrator_v2.api.cert.CreateCa.test.CreateCaCERT_TUN_basicImplTest" tests="2" failures="0" timestamp="25 Oct 2016 20:26:40 GMT" time="2.410" errors="0">
  <testcase name="testWithFactory" time="0.964" classname="cz.koncentrator_v2.api.cert.CreateCa.test.CreateCaCERT_TUN_basicImplTest"/>
  <testcase name="testName" time="1.446" classname="cz.koncentrator_v2.api.cert.CreateCa.test.CreateCaCERT_TUN_basicImplTest"/>
</testsuite> <!-- cz.koncentrator_v2.api.cert.CreateCa.test.CreateCaCERT_TUN_basicImplTest -->
