<?xml version="1.0" encoding="UTF-8"?>
<!-- Generated by org.testng.reporters.JUnitReportReporter -->
<testsuite hostname="d8bf41c47943" name="cz.koncentrator_v2.api.cert.common.test.CERTFactoryTest" tests="3" failures="0" timestamp="22 Oct 2016 23:07:02 GMT" time="0.366" errors="0">
  <testcase name="test" time="0.179" classname="cz.koncentrator_v2.api.cert.common.test.CERTFactoryTest"/>
  <testcase name="test2" time="0.014" classname="cz.koncentrator_v2.api.cert.common.test.CERTFactoryTest"/>
  <testcase name="test3" time="0.173" classname="cz.koncentrator_v2.api.cert.common.test.CERTFactoryTest"/>
</testsuite> <!-- cz.koncentrator_v2.api.cert.common.test.CERTFactoryTest -->
