<?xml version="1.0" encoding="UTF-8"?>
<!-- Generated by org.testng.reporters.JUnitReportReporter -->
<testsuite hostname="pc" name="cz.koncentrator_v2.api.cert.CreateCa.CertCreateFactoryTest" tests="2" failures="0" timestamp="5 Oct 2016 13:11:27 GMT" time="0.953" errors="0">
  <testcase name="test" time="0.410" classname="cz.koncentrator_v2.api.cert.CreateCa.CertCreateFactoryTest"/>
  <testcase name="test2" time="0.543" classname="cz.koncentrator_v2.api.cert.CreateCa.CertCreateFactoryTest"/>
</testsuite> <!-- cz.koncentrator_v2.api.cert.CreateCa.CertCreateFactoryTest -->
