<?xml version="1.0" encoding="UTF-8"?>
<!-- Generated by org.testng.reporters.JUnitReportReporter -->
<testsuite hostname="8867005c072f" name="cz.koncentrator_v2.api.cert.GenerateServer.test.GenerateServerCERT_TUN_basicImplTest" tests="1" failures="0" timestamp="9 Oct 2016 23:59:02 GMT" time="0.194" errors="0">
  <testcase name="test" time="0.194" classname="cz.koncentrator_v2.api.cert.GenerateServer.test.GenerateServerCERT_TUN_basicImplTest"/>
</testsuite> <!-- cz.koncentrator_v2.api.cert.GenerateServer.test.GenerateServerCERT_TUN_basicImplTest -->
