<?xml version="1.0" encoding="UTF-8"?>
<!-- Generated by org.testng.reporters.JUnitReportReporter -->
<testsuite hostname="8867005c072f" name="cz.koncentrator_v2.api.cert.CreateCa.test.CreateCaCERT_TUN_basicImplTest" tests="2" failures="0" timestamp="11 Oct 2016 15:18:08 GMT" time="2.405" errors="0">
  <testcase name="testName" time="1.620" classname="cz.koncentrator_v2.api.cert.CreateCa.test.CreateCaCERT_TUN_basicImplTest"/>
  <testcase name="testWithFactory" time="0.785" classname="cz.koncentrator_v2.api.cert.CreateCa.test.CreateCaCERT_TUN_basicImplTest"/>
</testsuite> <!-- cz.koncentrator_v2.api.cert.CreateCa.test.CreateCaCERT_TUN_basicImplTest -->
