<?xml version="1.0" encoding="UTF-8"?>
<!-- Generated by org.testng.reporters.JUnitReportReporter -->
<testsuite hostname="d8bf41c47943" name="cz.koncentrator_v2.api.cert.CreateCa.test.CreateCaCERT_TUN_basicImplTest" tests="2" failures="0" timestamp="22 Oct 2016 23:07:02 GMT" time="3.521" errors="0">
  <testcase name="testWithFactory" time="1.568" classname="cz.koncentrator_v2.api.cert.CreateCa.test.CreateCaCERT_TUN_basicImplTest"/>
  <testcase name="testName" time="1.953" classname="cz.koncentrator_v2.api.cert.CreateCa.test.CreateCaCERT_TUN_basicImplTest"/>
</testsuite> <!-- cz.koncentrator_v2.api.cert.CreateCa.test.CreateCaCERT_TUN_basicImplTest -->
